<?xml version="1.0" encoding="UTF-8"?>
<!-- Generated by org.testng.reporters.JUnitReportReporter -->
<testsuite hostname="DESKTOP-S5MMF0I" failures="0" tests="1" name="com.amazon.Test.amazonTest" time="34.942" errors="0" timestamp="26 Dec 2022 07:55:38 GMT" skipped="0">
  <testcase classname="com.amazon.Test.amazonTest" name="amazonInfo" time="34.942"/>
</testsuite> <!-- com.amazon.Test.amazonTest -->
