<?xml version="1.0" encoding="UTF-8"?>
<!-- Generated by org.testng.reporters.JUnitReportReporter -->
<testsuite hostname="DESKTOP-S5MMF0I" failures="0" tests="1" name="com.amazon.Test.amazonTest" time="124.971" errors="0" timestamp="10 Jan 2023 11:50:55 GMT" skipped="0">
  <testcase classname="com.amazon.Test.amazonTest" name="amazonInfo" time="124.971"/>
</testsuite> <!-- com.amazon.Test.amazonTest -->
